<?xml version="1.0" encoding="UTF-8"?>
<!-- Generated by org.testng.reporters.JUnitReportReporter -->
<testsuite hostname="karatnam" name="com.training.testrunner.TestRunner" tests="1" failures="0" timestamp="11 Aug 2020 08:58:18 GMT" time="50.408" errors="0">
  <testcase name="feature" time="50.408" classname="com.training.testrunner.TestRunner"/>
</testsuite> <!-- com.training.testrunner.TestRunner -->
